------- DB SETUP
-------- Started: Test_CreateProductHandler/success_(minimal_params)
-------- Ended(6.140959ms): Test_CreateProductHandler/success_(minimal_params)
-------- Truncating
-------- Started: Test_CreateProductHandler/success_(full)
-------- Ended(4.904292ms): Test_CreateProductHandler/success_(full)
-------- Truncating
-------- Started: Test_CreateProductHandler/success_(normalise_proportions)
-------- Ended(4.224333ms): Test_CreateProductHandler/success_(normalise_proportions)
-------- Truncating
-------- Started: Test_CreateProductHandler/blank_form
-------- Ended(2.041458ms): Test_CreateProductHandler/blank_form
-------- Truncating
-------- Truncating
--- FAIL: Test_CreateProductHandler (0.11s)
    --- FAIL: Test_CreateProductHandler/success_(minimal_params) (0.02s)
        create_product_test.go:44: 
            	Error Trace:	/Users/sagg0t/devel/pyra/internal/api/products/create_product_test.go:44
            	Error:      	"[{{%!s(nutrition.ProductID=31) d3a4299a-1e42-4f3f-8301-b697f53a710f %!s(nutrition.ProductVersion=1) asdf {%!s(float32=0) %!s(float32=0) %!s(float32=0) %!s(float32=0)} 0001-01-01 00:00:00 +0000 UTC 2025-10-22 11:19:12.175756 +0200 CEST 2025-10-22 11:19:12.175756 +0200 CEST} {<nil> <nil> <nil> <nil> {<nil> <nil> <nil> <nil>}}} {{%!s(nutrition.ProductID=30) 6f49e6bd-d21d-4b1b-aa13-9808a20af531 %!s(nutrition.ProductVersion=1) Bold Advanced Vacuum {%!s(float32=0.8541467) %!s(float32=0.71127313) %!s(float32=0.4045974) %!s(float32=0.6707001)} 0001-01-01 00:00:00 +0000 UTC 2025-10-22 11:17:30.322351 +0200 CEST 2025-10-22 11:17:30.322351 +0200 CEST} {<nil> <nil> <nil> <nil> {<nil> <nil> <nil> <nil>}}}]" should have 1 item(s), but has 2
            	Test:       	Test_CreateProductHandler/success_(minimal_params)
            	Messages:   	expected 1 product
-------- Truncating
-------- Truncating
-------- Truncating
-------- Truncating
-------- Truncating
------- DB SETUP
-------- Truncating
-------- Truncating
------- DB SETUP
-------- Truncating
-------- Truncating
-------- Truncating
-------- Truncating
-------- Truncating
-------- Truncating
-------- Truncating
-------- Truncating
-------- Truncating
-------- Truncating
--- FAIL: Test_UpdateProductHandler (0.00s)
    --- FAIL: Test_UpdateProductHandler/when_not_found (0.00s)
        update_product_test.go:32: 
            	Error Trace:	/Users/sagg0t/devel/pyra/internal/api/products/update_product_test.go:32
            	Error:      	Not equal: 
            	            	expected: 404
            	            	actual  : 422
            	Test:       	Test_UpdateProductHandler/when_not_found
FAIL
exit status 1
FAIL	pyra/internal/api/products	0.725s
