------- DB SETUP
-------- Started: Test_CreateProductHandler/success_(minimal_params)
-------- Ended(5.925667ms): Test_CreateProductHandler/success_(minimal_params)
-------- Truncating
-------- Started: Test_CreateProductHandler/success_(full)
-------- Ended(4.046375ms): Test_CreateProductHandler/success_(full)
-------- Truncating
-------- Started: Test_CreateProductHandler/success_(normalise_proportions)
-------- Ended(3.785792ms): Test_CreateProductHandler/success_(normalise_proportions)
-------- Truncating
-------- Started: Test_CreateProductHandler/blank_form
-------- Ended(1.41825ms): Test_CreateProductHandler/blank_form
-------- Truncating
-------- Truncating
--- FAIL: Test_CreateProductHandler (0.10s)
    --- FAIL: Test_CreateProductHandler/success_(minimal_params) (0.02s)
        create_product_test.go:44: 
            	Error Trace:	/Users/sagg0t/devel/pyra/internal/api/products/create_product_test.go:44
            	Error:      	"[{{%!s(nutrition.ProductID=25) 83fd0d57-dd3c-4bef-a96d-9ecbd1ed4276 %!s(nutrition.ProductVersion=1) asdf {%!s(float32=0) %!s(float32=0) %!s(float32=0) %!s(float32=0)} 0001-01-01 00:00:00 +0000 UTC 2025-10-22 11:17:30.140097 +0200 CEST 2025-10-22 11:17:30.140097 +0200 CEST} {<nil> <nil> <nil> <nil> {<nil> <nil> <nil> <nil>}}} {{%!s(nutrition.ProductID=24) b8758030-28ec-4eae-bac2-7e1541fbc0f5 %!s(nutrition.ProductVersion=1) Fabric Gray Headphones {%!s(float32=0.947294) %!s(float32=0.86090153) %!s(float32=0.25072795) %!s(float32=0.40688914)} 0001-01-01 00:00:00 +0000 UTC 2025-10-22 11:16:47.035914 +0200 CEST 2025-10-22 11:16:47.035914 +0200 CEST} {<nil> <nil> <nil> <nil> {<nil> <nil> <nil> <nil>}}}]" should have 1 item(s), but has 2
            	Test:       	Test_CreateProductHandler/success_(minimal_params)
            	Messages:   	expected 1 product
-------- Truncating
-------- Truncating
-------- Truncating
-------- Truncating
-------- Truncating
------- DB SETUP
-------- Truncating
-------- Truncating
------- DB SETUP
-------- Truncating
-------- Truncating
-------- Truncating
-------- Truncating
-------- Truncating
-------- Truncating
-------- Truncating
-------- Truncating
-------- Truncating
-------- Truncating
--- FAIL: Test_UpdateProductHandler (0.00s)
    --- FAIL: Test_UpdateProductHandler/when_not_found (0.00s)
        update_product_test.go:32: 
            	Error Trace:	/Users/sagg0t/devel/pyra/internal/api/products/update_product_test.go:32
            	Error:      	Not equal: 
            	            	expected: 404
            	            	actual  : 422
            	Test:       	Test_UpdateProductHandler/when_not_found
FAIL
exit status 1
FAIL	pyra/internal/api/products	0.721s
